c:\users\brenn\onedrive\desktop\sdlgame\sdlgame\x64\debug\vc141.pdb
c:\users\brenn\onedrive\desktop\sdlgame\sdlgame\x64\debug\vc141.idb
c:\users\brenn\onedrive\desktop\sdlgame\sdlgame\x64\debug\vector.obj
c:\users\brenn\onedrive\desktop\sdlgame\sdlgame\x64\debug\timer.obj
c:\users\brenn\onedrive\desktop\sdlgame\sdlgame\x64\debug\sdlgame.obj
c:\users\brenn\onedrive\desktop\sdlgame\sdlgame\x64\debug\player.obj
c:\users\brenn\onedrive\desktop\sdlgame\sdlgame\x64\debug\particle.obj
c:\users\brenn\onedrive\desktop\sdlgame\sdlgame\x64\debug\log.obj
c:\users\brenn\onedrive\desktop\sdlgame\sdlgame\x64\debug\keys.obj
c:\users\brenn\onedrive\desktop\sdlgame\sdlgame\x64\debug\gametimer.obj
c:\users\brenn\onedrive\desktop\sdlgame\sdlgame\x64\debug\gameengine.obj
c:\users\brenn\onedrive\desktop\sdlgame\sdlgame\x64\debug\gameobject.obj
c:\users\brenn\onedrive\desktop\sdlgame\sdlgame\x64\debug\font.obj
c:\users\brenn\onedrive\desktop\sdlgame\sdlgame\x64\debug\enemy.obj
c:\users\brenn\onedrive\desktop\sdlgame\sdlgame\x64\debug\door.obj
c:\users\brenn\onedrive\desktop\sdlgame\x64\debug\sdlgame.exe
c:\users\brenn\onedrive\desktop\sdlgame\x64\debug\sdlgame.ilk
c:\users\brenn\onedrive\desktop\sdlgame\x64\debug\sdlgame.pdb
c:\users\brenn\onedrive\desktop\sdlgame\sdlgame\x64\debug\sdlgame.tlog\cl.command.1.tlog
c:\users\brenn\onedrive\desktop\sdlgame\sdlgame\x64\debug\sdlgame.tlog\cl.read.1.tlog
c:\users\brenn\onedrive\desktop\sdlgame\sdlgame\x64\debug\sdlgame.tlog\cl.write.1.tlog
c:\users\brenn\onedrive\desktop\sdlgame\sdlgame\x64\debug\sdlgame.tlog\link.command.1.tlog
c:\users\brenn\onedrive\desktop\sdlgame\sdlgame\x64\debug\sdlgame.tlog\link.read.1.tlog
c:\users\brenn\onedrive\desktop\sdlgame\sdlgame\x64\debug\sdlgame.tlog\link.write.1.tlog
